<?xml version="1.0" encoding="UTF-8"?>
<!-- Generated by org.testng.reporters.JUnitReportReporter -->
<testsuite hostname="DESKTOP-SA70GI3" failures="0" tests="1" name="RunnerClassProject.RunnerClassFreeCRM$TestRunnerWithTestNg" time="22.482" errors="0" timestamp="2024-09-04T10:01:32 IST" skipped="0">
  <testcase classname="RunnerClassProject.RunnerClassFreeCRM$TestRunnerWithTestNg" name="runScenario" time="22.482"/>
</testsuite> <!-- RunnerClassProject.RunnerClassFreeCRM$TestRunnerWithTestNg -->
