<?xml version="1.0" encoding="UTF-8"?>
<!-- Generated by org.testng.reporters.JUnitReportReporter -->
<testsuite hostname="DESKTOP-SA70GI3" failures="0" tests="1" name="RunnerClassProject.RunnerClassFreeCRM$TestRunnerWithTestNg" time="22.462" errors="0" timestamp="2025-04-19T12:28:22 IST" skipped="0">
  <testcase classname="RunnerClassProject.RunnerClassFreeCRM$TestRunnerWithTestNg" name="runScenario" time="22.462"/>
</testsuite> <!-- RunnerClassProject.RunnerClassFreeCRM$TestRunnerWithTestNg -->
